<?xml version="1.0" encoding="UTF-8"?>
<testng-results ignored="0" total="1" passed="1" failed="0" skipped="0">
  <reporter-output>
  </reporter-output>
  <suite started-at="2022-10-04T11:30:12 EDT" name="Default suite" finished-at="2022-10-04T11:30:29 EDT" duration-ms="17128">
    <groups>
      <group name="cucumber">
        <method signature="AbstractTestNGCucumberTests.runScenario(io.cucumber.testng.PickleWrapper,io.cucumber.testng.FeatureWrapper)[pri:0, instance:stepDefination.TestRunner@78691363]" name="runScenario" class="io.cucumber.testng.AbstractTestNGCucumberTests"/>
      </group> <!-- cucumber -->
    </groups>
    <test started-at="2022-10-04T11:30:12 EDT" name="Default test" finished-at="2022-10-04T11:30:29 EDT" duration-ms="17128">
      <class name="stepDefination.TestRunner">
        <test-method is-config="true" signature="setUpClass(org.testng.ITestContext)[pri:0, instance:stepDefination.TestRunner@78691363]" started-at="2022-10-04T11:30:12 EDT" name="setUpClass" finished-at="2022-10-04T11:30:12 EDT" duration-ms="629" status="PASS">
          <params>
            <param index="0">
              <value>
                <![CDATA[org.testng.TestRunner@79a201cf]]>
              </value>
            </param>
          </params>
          <reporter-output>
          </reporter-output>
        </test-method> <!-- setUpClass -->
        <test-method signature="runScenario(io.cucumber.testng.PickleWrapper,io.cucumber.testng.FeatureWrapper)[pri:0, instance:stepDefination.TestRunner@78691363]" started-at="2022-10-04T11:30:12 EDT" name="runScenario" description="Runs Cucumber Scenarios" data-provider="scenarios" finished-at="2022-10-04T11:30:29 EDT" duration-ms="16391" status="PASS">
          <params>
            <param index="0">
              <value>
                <![CDATA["Check registration is successful with valid inputs"]]>
              </value>
            </param>
            <param index="1">
              <value>
                <![CDATA["Test registration page"]]>
              </value>
            </param>
          </params>
          <reporter-output>
          </reporter-output>
        </test-method> <!-- runScenario -->
        <test-method is-config="true" signature="tearDownClass()[pri:0, instance:stepDefination.TestRunner@78691363]" started-at="2022-10-04T11:30:29 EDT" name="tearDownClass" finished-at="2022-10-04T11:30:29 EDT" duration-ms="46" status="PASS">
          <reporter-output>
          </reporter-output>
        </test-method> <!-- tearDownClass -->
      </class> <!-- stepDefination.TestRunner -->
    </test> <!-- Default test -->
  </suite> <!-- Default suite -->
</testng-results>
